<?xml version="1.0" encoding="UTF-8"?>
<testng-results ignored="0" total="3" passed="3" failed="0" skipped="0">
  <reporter-output>
  </reporter-output>
  <suite started-at="2024-04-06T17:39:48 ICT" name="Default suite" finished-at="2024-04-06T17:40:15 ICT" duration-ms="26661">
    <groups>
    </groups>
    <test started-at="2024-04-06T17:39:48 ICT" name="Default test" finished-at="2024-04-06T17:40:15 ICT" duration-ms="26661">
      <class name="ChucNang_TimKiem.TimKiem_VaiTroNguoiDung_Update">
        <test-method is-config="true" signature="setUp()[pri:0, instance:ChucNang_TimKiem.TimKiem_VaiTroNguoiDung_Update@57cf54e1]" started-at="2024-04-06T17:39:48 ICT" name="setUp" finished-at="2024-04-06T17:39:55 ICT" duration-ms="6957" status="PASS">
          <reporter-output>
          </reporter-output>
        </test-method> <!-- setUp -->
        <test-method signature="loginTest()[pri:0, instance:ChucNang_TimKiem.TimKiem_VaiTroNguoiDung_Update@57cf54e1]" started-at="2024-04-06T17:39:55 ICT" name="loginTest" finished-at="2024-04-06T17:40:01 ICT" duration-ms="5800" status="PASS">
          <reporter-output>
          </reporter-output>
        </test-method> <!-- loginTest -->
        <test-method signature="TimKiem_TheoTen()[pri:1, instance:ChucNang_TimKiem.TimKiem_VaiTroNguoiDung_Update@57cf54e1]" started-at="2024-04-06T17:40:01 ICT" name="TimKiem_TheoTen" finished-at="2024-04-06T17:40:09 ICT" duration-ms="8033" status="PASS">
          <reporter-output>
          </reporter-output>
        </test-method> <!-- TimKiem_TheoTen -->
        <test-method signature="TimKiem_TheoDiaDiem()[pri:2, instance:ChucNang_TimKiem.TimKiem_VaiTroNguoiDung_Update@57cf54e1]" started-at="2024-04-06T17:40:09 ICT" name="TimKiem_TheoDiaDiem" finished-at="2024-04-06T17:40:14 ICT" duration-ms="5546" status="PASS">
          <reporter-output>
          </reporter-output>
        </test-method> <!-- TimKiem_TheoDiaDiem -->
        <test-method is-config="true" signature="tearDown()[pri:0, instance:ChucNang_TimKiem.TimKiem_VaiTroNguoiDung_Update@57cf54e1]" started-at="2024-04-06T17:40:14 ICT" name="tearDown" finished-at="2024-04-06T17:40:15 ICT" duration-ms="265" status="PASS">
          <reporter-output>
          </reporter-output>
        </test-method> <!-- tearDown -->
      </class> <!-- ChucNang_TimKiem.TimKiem_VaiTroNguoiDung_Update -->
    </test> <!-- Default test -->
  </suite> <!-- Default suite -->
</testng-results>
