<?xml version="1.0" encoding="UTF-8"?>
<!-- Generated by org.testng.reporters.JUnitXMLReporter -->
<testsuite ignored="0" hostname="LAPTOP-EL4BC340" failures="0" tests="3" name="Default test" time="26.661" errors="0" timestamp="2024-04-06T17:40:15 ICT">
  <testcase classname="ChucNang_TimKiem.TimKiem_VaiTroNguoiDung_Update" name="loginTest" time="5.8"/>
  <testcase classname="ChucNang_TimKiem.TimKiem_VaiTroNguoiDung_Update" name="TimKiem_TheoTen" time="8.033"/>
  <testcase classname="ChucNang_TimKiem.TimKiem_VaiTroNguoiDung_Update" name="TimKiem_TheoDiaDiem" time="5.546"/>
</testsuite> <!-- Default test -->
